0 info it worked if it ends with ok
1 verbose cli [ 'node', '/usr/local/bin/npm', 'install', 'browserify@0.7.0' ]
2 info using npm@2.7.4
3 info using node@v0.12.2
4 silly cache add args [ 'browserify@0.7.0', null ]
5 verbose cache add spec browserify@0.7.0
6 silly cache add parsed spec { raw: 'browserify@0.7.0',
6 silly cache add   scope: null,
6 silly cache add   name: 'browserify',
6 silly cache add   rawSpec: '0.7.0',
6 silly cache add   spec: '0.7.0',
6 silly cache add   type: 'version' }
7 verbose addNamed browserify@0.7.0
8 silly addNamed semver.valid 0.7.0
9 silly addNamed semver.validRange 0.7.0
10 silly mapToRegistry name browserify
11 silly mapToRegistry using default registry
12 silly mapToRegistry registry https://registry.npmjs.org/
13 silly mapToRegistry uri https://registry.npmjs.org/browserify
14 verbose addNameVersion registry:https://registry.npmjs.org/browserify not in flight; fetching
15 verbose request uri https://registry.npmjs.org/browserify
16 verbose request no auth needed
17 info attempt registry request try #1 at 9:08:46 PM
18 verbose request id b0ebbe25c94f2c4b
19 verbose etag "CPTONH78LXJJTECG0A3CAEL8C"
20 http request GET https://registry.npmjs.org/browserify
21 http 200 https://registry.npmjs.org/browserify
22 silly get cb [ 200,
22 silly get   { server: 'CouchDB/1.5.0 (Erlang OTP/R16B03)',
22 silly get     etag: '"3UFIGQC96LE3FZVX43TUESS56"',
22 silly get     'content-type': 'application/json',
22 silly get     'cache-control': 'max-age=60',
22 silly get     'content-length': '843912',
22 silly get     'accept-ranges': 'bytes',
22 silly get     date: 'Sat, 10 Oct 2015 00:08:48 GMT',
22 silly get     via: '1.1 varnish',
22 silly get     age: '37',
22 silly get     connection: 'keep-alive',
22 silly get     'x-served-by': 'cache-iad2146-IAD',
22 silly get     'x-cache': 'HIT',
22 silly get     'x-cache-hits': '2',
22 silly get     'x-timer': 'S1444435728.060127,VS0,VE0',
22 silly get     vary: 'Accept' } ]
23 verbose get saving browserify to /Users/cassio/.npm/registry.npmjs.org/browserify/.cache.json
24 verbose stack Error: version not found: browserify@0.7.0
24 verbose stack     at setData (/usr/local/lib/node_modules/npm/lib/cache/add-named.js:122:12)
24 verbose stack     at RES (/usr/local/lib/node_modules/npm/node_modules/inflight/inflight.js:23:14)
24 verbose stack     at f (/usr/local/lib/node_modules/npm/node_modules/once/once.js:17:25)
24 verbose stack     at saved (/usr/local/lib/node_modules/npm/lib/cache/caching-client.js:173:7)
24 verbose stack     at FSReqWrap.oncomplete (fs.js:95:15)
25 verbose statusCode 404
26 verbose cwd /Users/cassio/Documents/workspace/therateissues
27 error Darwin 15.0.0
28 error argv "node" "/usr/local/bin/npm" "install" "browserify@0.7.0"
29 error node v0.12.2
30 error npm  v2.7.4
31 error version not found: browserify@0.7.0
32 error If you need help, you may report this error at:
32 error     <https://github.com/npm/npm/issues>
33 verbose exit [ 1, true ]
